<?xml version="1.0" encoding="UTF-8"?>
<testng-results ignored="0" total="1" passed="1" failed="0" skipped="0">
  <reporter-output>
  </reporter-output>
  <suite started-at="2023-05-27T21:05:52 IST" name="Default suite" finished-at="2023-05-27T21:06:02 IST" duration-ms="9393">
    <groups>
    </groups>
    <test started-at="2023-05-27T21:05:52 IST" name="Default test" finished-at="2023-05-27T21:06:02 IST" duration-ms="9393">
      <class name="com.Testing.reclass.NewTest">
        <test-method is-config="true" signature="beforeMethod()[pri:0, instance:com.Testing.reclass.NewTest@f5ac9e4]" started-at="2023-05-27T21:05:52 IST" name="beforeMethod" finished-at="2023-05-27T21:06:02 IST" duration-ms="9353" status="PASS">
          <reporter-output>
          </reporter-output>
        </test-method> <!-- beforeMethod -->
        <test-method signature="f()[pri:0, instance:com.Testing.reclass.NewTest@f5ac9e4]" started-at="2023-05-27T21:06:02 IST" name="f" finished-at="2023-05-27T21:06:02 IST" duration-ms="5" status="PASS">
          <reporter-output>
          </reporter-output>
        </test-method> <!-- f -->
        <test-method is-config="true" signature="afterMethod()[pri:0, instance:com.Testing.reclass.NewTest@f5ac9e4]" started-at="2023-05-27T21:06:02 IST" name="afterMethod" finished-at="2023-05-27T21:06:02 IST" duration-ms="0" status="PASS">
          <reporter-output>
          </reporter-output>
        </test-method> <!-- afterMethod -->
      </class> <!-- com.Testing.reclass.NewTest -->
    </test> <!-- Default test -->
  </suite> <!-- Default suite -->
</testng-results>
