<?xml version="1.0" encoding="UTF-8"?>
<!-- Generated by org.testng.reporters.JUnitXMLReporter -->
<testsuite ignored="0" hostname="MOHAN" failures="0" tests="4" name="Default test" time="0.255" errors="0" timestamp="2023-04-03T09:40:41 IST">
  <testcase classname="Class_Exercise_Lab.Task_01" name="calculating" time="0.026"/>
  <testcase classname="Class_Exercise_Lab.Task_01" name="calculating" time="0.0"/>
  <testcase classname="Class_Exercise_Lab.Task_01" name="calculating" time="0.0"/>
  <testcase classname="Class_Exercise_Lab.Task_01" name="calculating" time="0.007"/>
</testsuite> <!-- Default test -->
