<?xml version="1.0" encoding="UTF-8"?>
<testng-results ignored="0" total="4" passed="4" failed="0" skipped="0">
  <reporter-output>
  </reporter-output>
  <suite started-at="2023-04-03T09:40:41 IST" name="Default suite" finished-at="2023-04-03T09:40:41 IST" duration-ms="255">
    <groups>
    </groups>
    <test started-at="2023-04-03T09:40:41 IST" name="Default test" finished-at="2023-04-03T09:40:41 IST" duration-ms="255">
      <class name="Class_Exercise_Lab.Task_01">
        <test-method signature="calculating(int,int,char,int)[pri:0, instance:Class_Exercise_Lab.Task_01@799f10e1]" started-at="2023-04-03T09:40:41 IST" name="calculating" data-provider="test-getdata" finished-at="2023-04-03T09:40:41 IST" duration-ms="26" status="PASS">
          <params>
            <param index="0">
              <value>
                <![CDATA[10]]>
              </value>
            </param>
            <param index="1">
              <value>
                <![CDATA[20]]>
              </value>
            </param>
            <param index="2">
              <value>
                <![CDATA[+]]>
              </value>
            </param>
            <param index="3">
              <value>
                <![CDATA[30]]>
              </value>
            </param>
          </params>
          <reporter-output>
          </reporter-output>
        </test-method> <!-- calculating -->
        <test-method signature="calculating(int,int,char,int)[pri:0, instance:Class_Exercise_Lab.Task_01@799f10e1]" started-at="2023-04-03T09:40:41 IST" name="calculating" data-provider="test-getdata" finished-at="2023-04-03T09:40:41 IST" duration-ms="0" status="PASS">
          <params>
            <param index="0">
              <value>
                <![CDATA[1000]]>
              </value>
            </param>
            <param index="1">
              <value>
                <![CDATA[100]]>
              </value>
            </param>
            <param index="2">
              <value>
                <![CDATA[-]]>
              </value>
            </param>
            <param index="3">
              <value>
                <![CDATA[900]]>
              </value>
            </param>
          </params>
          <reporter-output>
          </reporter-output>
        </test-method> <!-- calculating -->
        <test-method signature="calculating(int,int,char,int)[pri:0, instance:Class_Exercise_Lab.Task_01@799f10e1]" started-at="2023-04-03T09:40:41 IST" name="calculating" data-provider="test-getdata" finished-at="2023-04-03T09:40:41 IST" duration-ms="0" status="PASS">
          <params>
            <param index="0">
              <value>
                <![CDATA[5]]>
              </value>
            </param>
            <param index="1">
              <value>
                <![CDATA[60]]>
              </value>
            </param>
            <param index="2">
              <value>
                <![CDATA[*]]>
              </value>
            </param>
            <param index="3">
              <value>
                <![CDATA[300]]>
              </value>
            </param>
          </params>
          <reporter-output>
          </reporter-output>
        </test-method> <!-- calculating -->
        <test-method signature="calculating(int,int,char,int)[pri:0, instance:Class_Exercise_Lab.Task_01@799f10e1]" started-at="2023-04-03T09:40:41 IST" name="calculating" data-provider="test-getdata" finished-at="2023-04-03T09:40:41 IST" duration-ms="7" status="PASS">
          <params>
            <param index="0">
              <value>
                <![CDATA[100]]>
              </value>
            </param>
            <param index="1">
              <value>
                <![CDATA[20]]>
              </value>
            </param>
            <param index="2">
              <value>
                <![CDATA[/]]>
              </value>
            </param>
            <param index="3">
              <value>
                <![CDATA[5]]>
              </value>
            </param>
          </params>
          <reporter-output>
          </reporter-output>
        </test-method> <!-- calculating -->
      </class> <!-- Class_Exercise_Lab.Task_01 -->
    </test> <!-- Default test -->
  </suite> <!-- Default suite -->
</testng-results>
