<?xml version="1.0" encoding="UTF-8"?>
<!-- Generated by org.testng.reporters.JUnitXMLReporter -->
<testsuite ignored="0" hostname="MOHAN" failures="0" tests="4" name="Test" time="65.186" errors="0" timestamp="2023-04-01T15:51:46 IST">
  <testcase classname="com.Testing.classEx.Task_02" name="dragdrop" time="54.753"/>
  <testcase classname="com.Testing.classEx.Task_01" name="f" time="0.001"/>
  <testcase classname="com.Testing.classEx.Task_04" name="f" time="60.738"/>
  <testcase classname="com.Testing.classEx.Task_03" name="f" time="65.099"/>
</testsuite> <!-- Test -->
