<?xml version="1.0" encoding="UTF-8"?>
<testng-results ignored="0" total="1" passed="1" failed="0" skipped="0">
  <reporter-output>
  </reporter-output>
  <suite started-at="2023-04-05T11:00:09 IST" name="Default suite" finished-at="2023-04-05T11:00:21 IST" duration-ms="11512">
    <groups>
    </groups>
    <test started-at="2023-04-05T11:00:09 IST" name="Default test" finished-at="2023-04-05T11:00:21 IST" duration-ms="11512">
      <class name="classEx.SampleTest">
        <test-method is-config="true" signature="beforeTest()[pri:0, instance:classEx.SampleTest@28701274]" started-at="2023-04-05T11:00:09 IST" name="beforeTest" finished-at="2023-04-05T11:00:20 IST" duration-ms="10731" status="PASS">
          <reporter-output>
          </reporter-output>
        </test-method> <!-- beforeTest -->
        <test-method signature="f()[pri:0, instance:classEx.SampleTest@28701274]" started-at="2023-04-05T11:00:20 IST" name="f" finished-at="2023-04-05T11:00:20 IST" duration-ms="269" status="PASS">
          <reporter-output>
          </reporter-output>
        </test-method> <!-- f -->
        <test-method is-config="true" signature="afterTest()[pri:0, instance:classEx.SampleTest@28701274]" started-at="2023-04-05T11:00:20 IST" name="afterTest" finished-at="2023-04-05T11:00:21 IST" duration-ms="430" status="PASS">
          <reporter-output>
          </reporter-output>
        </test-method> <!-- afterTest -->
      </class> <!-- classEx.SampleTest -->
    </test> <!-- Default test -->
  </suite> <!-- Default suite -->
</testng-results>
